<?xml version="1.0" encoding="UTF-8"?>
<testng-results ignored="0" total="1" passed="1" failed="0" skipped="0">
  <reporter-output>
  </reporter-output>
  <suite started-at="2021-01-06T14:05:41 EST" name="runtest" finished-at="2021-01-06T14:05:55 EST" duration-ms="14491">
    <groups>
    </groups>
    <test started-at="2021-01-06T14:05:41 EST" name="Adhoc" finished-at="2021-01-06T14:05:55 EST" duration-ms="14491">
      <class name="scriptRunner.HomeTest">
        <test-method is-config="true" signature="beforeClass(java.lang.String, java.lang.String)[pri:0, instance:scriptRunner.HomeTest@4cc8eb05]" started-at="2021-01-06T14:05:41 EST" name="beforeClass" finished-at="2021-01-06T14:05:46 EST" duration-ms="4942" status="PASS">
          <params>
            <param index="0">
              <value>
                <![CDATA[Chrome]]>
              </value>
            </param>
            <param index="1">
              <value>
                <![CDATA[https://www.homedepot.com/]]>
              </value>
            </param>
          </params>
          <reporter-output>
          </reporter-output>
        </test-method> <!-- beforeClass -->
        <test-method signature="f()[pri:0, instance:scriptRunner.HomeTest@4cc8eb05]" started-at="2021-01-06T14:05:46 EST" name="f" finished-at="2021-01-06T14:05:55 EST" duration-ms="9511" status="PASS">
          <reporter-output>
          </reporter-output>
        </test-method> <!-- f -->
        <test-method is-config="true" signature="afterClass()[pri:0, instance:scriptRunner.HomeTest@4cc8eb05]" started-at="2021-01-06T14:05:55 EST" name="afterClass" finished-at="2021-01-06T14:05:55 EST" duration-ms="1" status="PASS">
          <reporter-output>
          </reporter-output>
        </test-method> <!-- afterClass -->
      </class> <!-- scriptRunner.HomeTest -->
    </test> <!-- Adhoc -->
  </suite> <!-- runtest -->
</testng-results>
