<?xml version="1.0" encoding="UTF-8"?>
<testng-results ignored="0" total="1" passed="1" failed="0" skipped="0">
  <reporter-output>
  </reporter-output>
  <suite started-at="2020-12-25T20:36:08 EST" name="runtest" finished-at="2020-12-25T20:36:24 EST" duration-ms="16616">
    <groups>
    </groups>
    <test started-at="2020-12-25T20:36:08 EST" name="Adhoc" finished-at="2020-12-25T20:36:24 EST" duration-ms="16616">
      <class name="scriptRunner.HomeTest">
        <test-method is-config="true" signature="beforeClass(java.lang.String, java.lang.String)[pri:0, instance:scriptRunner.HomeTest@dd0c991]" started-at="2020-12-25T20:36:08 EST" name="beforeClass" finished-at="2020-12-25T20:36:14 EST" duration-ms="6032" status="PASS">
          <params>
            <param index="0">
              <value>
                <![CDATA[Chrome]]>
              </value>
            </param>
            <param index="1">
              <value>
                <![CDATA[https://www.homedepot.com/]]>
              </value>
            </param>
          </params>
          <reporter-output>
          </reporter-output>
        </test-method> <!-- beforeClass -->
        <test-method signature="f()[pri:0, instance:scriptRunner.HomeTest@dd0c991]" started-at="2020-12-25T20:36:14 EST" name="f" finished-at="2020-12-25T20:36:24 EST" duration-ms="10546" status="PASS">
          <reporter-output>
          </reporter-output>
        </test-method> <!-- f -->
        <test-method is-config="true" signature="afterClass()[pri:0, instance:scriptRunner.HomeTest@dd0c991]" started-at="2020-12-25T20:36:24 EST" name="afterClass" finished-at="2020-12-25T20:36:24 EST" duration-ms="0" status="PASS">
          <reporter-output>
          </reporter-output>
        </test-method> <!-- afterClass -->
      </class> <!-- scriptRunner.HomeTest -->
    </test> <!-- Adhoc -->
  </suite> <!-- runtest -->
</testng-results>
